2026-03-26T12:39:03.639+01:00  INFO 17112 --- [EMC-lab] [main] mk.ukim.finki.emclab.EmcLabApplication   : Starting EmcLabApplication using Java 21.0.9 with PID 17112 (C:\Users\anama\Desktop\FINKI\IntelliJ-EMC\EMC-lab\target\classes started by anama in C:\Users\anama\Desktop\FINKI\IntelliJ-EMC\EMC-lab)
2026-03-26T12:39:03.650+01:00  INFO 17112 --- [EMC-lab] [main] mk.ukim.finki.emclab.EmcLabApplication   : The following 1 profile is active: "dev"
2026-03-26T12:39:07.208+01:00  INFO 17112 --- [EMC-lab] [main] o.apache.catalina.core.StandardService   : Starting service [Tomcat]
2026-03-26T12:39:07.208+01:00  INFO 17112 --- [EMC-lab] [main] o.apache.catalina.core.StandardEngine    : Starting Servlet engine: [Apache Tomcat/11.0.18]
2026-03-26T12:39:07.736+01:00  INFO 17112 --- [EMC-lab] [main] org.hibernate.orm.jpa                    : HHH008540: Processing PersistenceUnitInfo [name: default]
2026-03-26T12:39:07.878+01:00  INFO 17112 --- [EMC-lab] [main] org.hibernate.orm.core                   : HHH000001: Hibernate ORM core version 7.2.4.Final
2026-03-26T12:39:08.816+01:00  INFO 17112 --- [EMC-lab] [main] com.zaxxer.hikari.HikariDataSource       : HikariPool-1 - Starting...
2026-03-26T12:39:09.091+01:00  INFO 17112 --- [EMC-lab] [main] com.zaxxer.hikari.pool.HikariPool        : HikariPool-1 - Added connection org.postgresql.jdbc.PgConnection@3c4c7e51
2026-03-26T12:39:09.094+01:00  INFO 17112 --- [EMC-lab] [main] com.zaxxer.hikari.HikariDataSource       : HikariPool-1 - Start completed.
2026-03-26T12:39:09.215+01:00  INFO 17112 --- [EMC-lab] [main] org.hibernate.orm.connections.pooling    : HHH10001005: Database info:
	Database JDBC URL [jdbc:postgresql://localhost:5434/eshoplab]
	Database driver: PostgreSQL JDBC Driver
	Database dialect: PostgreSQLDialect
	Database version: 17.4
	Default catalog/schema: eshoplab/public
	Autocommit mode: undefined/unknown
	Isolation level: READ_COMMITTED [default READ_COMMITTED]
	JDBC fetch size: none
	Pool: DataSourceConnectionProvider
	Minimum pool size: undefined/unknown
	Maximum pool size: undefined/unknown
2026-03-26T12:39:10.453+01:00  INFO 17112 --- [EMC-lab] [main] org.hibernate.orm.core                   : HHH000489: No JTA platform available (set 'hibernate.transaction.jta.platform' to enable JTA platform integration)
2026-03-26T12:39:11.302+01:00  WARN 17112 --- [EMC-lab] [main] JpaBaseConfiguration$JpaWebConfiguration : spring.jpa.open-in-view is enabled by default. Therefore, database queries may be performed during view rendering. Explicitly configure spring.jpa.open-in-view to disable this warning
2026-03-26T12:39:12.184+01:00  INFO 17112 --- [EMC-lab] [main] mk.ukim.finki.emclab.EmcLabApplication   : Started EmcLabApplication in 9.239 seconds (process running for 14.585)
2026-03-26T12:39:21.203+01:00  INFO 17112 --- [EMC-lab] [http-nio-8080-exec-1] o.a.c.c.C.[Tomcat].[localhost].[/]       : Initializing Spring DispatcherServlet 'dispatcherServlet'
2026-03-26T12:39:23.086+01:00  INFO 17112 --- [EMC-lab] [http-nio-8080-exec-8] o.springdoc.api.AbstractOpenApiResource  : Init duration for springdoc-openapi is: 1416 ms
2026-03-26T12:40:00.064+01:00  INFO 17112 --- [EMC-lab] [scheduling-1] u.f.e.j.MaterializedViewRefreshScheduler : Refreshing BOOKS_STATS_MV...
2026-03-26T12:40:00.200+01:00 DEBUG 17112 --- [EMC-lab] [scheduling-1] org.hibernate.SQL                        : refresh materialized view books_stats_mv
2026-03-26T12:40:00.230+01:00  INFO 17112 --- [EMC-lab] [scheduling-1] u.f.e.j.MaterializedViewRefreshScheduler : BOOKS_STATS_MV successfully refreshed.
2026-03-26T12:41:00.020+01:00  INFO 17112 --- [EMC-lab] [scheduling-1] u.f.e.j.MaterializedViewRefreshScheduler : Refreshing BOOKS_STATS_MV...
2026-03-26T12:41:00.023+01:00 DEBUG 17112 --- [EMC-lab] [scheduling-1] org.hibernate.SQL                        : refresh materialized view books_stats_mv
2026-03-26T12:41:00.031+01:00  INFO 17112 --- [EMC-lab] [scheduling-1] u.f.e.j.MaterializedViewRefreshScheduler : BOOKS_STATS_MV successfully refreshed.
2026-03-26T12:42:00.020+01:00  INFO 17112 --- [EMC-lab] [scheduling-1] u.f.e.j.MaterializedViewRefreshScheduler : Refreshing BOOKS_STATS_MV...
2026-03-26T12:42:00.024+01:00 DEBUG 17112 --- [EMC-lab] [scheduling-1] org.hibernate.SQL                        : refresh materialized view books_stats_mv
2026-03-26T12:42:00.037+01:00  INFO 17112 --- [EMC-lab] [scheduling-1] u.f.e.j.MaterializedViewRefreshScheduler : BOOKS_STATS_MV successfully refreshed.
2026-03-26T12:42:11.597+01:00  INFO 17112 --- [EMC-lab] [SpringApplicationShutdownHook] com.zaxxer.hikari.HikariDataSource       : HikariPool-1 - Shutdown initiated...
2026-03-26T12:42:11.597+01:00  INFO 17112 --- [EMC-lab] [SpringApplicationShutdownHook] com.zaxxer.hikari.HikariDataSource       : HikariPool-1 - Shutdown completed.
2026-03-26T13:03:46.139+01:00  INFO 17484 --- [EMC-lab] [main] mk.ukim.finki.emclab.EmcLabApplication   : Starting EmcLabApplication using Java 21.0.9 with PID 17484 (C:\Users\anama\Desktop\FINKI\IntelliJ-EMC\EMC-lab\target\classes started by anama in C:\Users\anama\Desktop\FINKI\IntelliJ-EMC\EMC-lab)
2026-03-26T13:03:46.143+01:00  INFO 17484 --- [EMC-lab] [main] mk.ukim.finki.emclab.EmcLabApplication   : The following 1 profile is active: "dev"
2026-03-26T13:03:48.992+01:00  INFO 17484 --- [EMC-lab] [main] o.apache.catalina.core.StandardService   : Starting service [Tomcat]
2026-03-26T13:03:48.993+01:00  INFO 17484 --- [EMC-lab] [main] o.apache.catalina.core.StandardEngine    : Starting Servlet engine: [Apache Tomcat/11.0.18]
2026-03-26T13:03:49.282+01:00  INFO 17484 --- [EMC-lab] [main] org.hibernate.orm.jpa                    : HHH008540: Processing PersistenceUnitInfo [name: default]
2026-03-26T13:03:49.362+01:00  INFO 17484 --- [EMC-lab] [main] org.hibernate.orm.core                   : HHH000001: Hibernate ORM core version 7.2.4.Final
2026-03-26T13:03:50.481+01:00  INFO 17484 --- [EMC-lab] [main] com.zaxxer.hikari.HikariDataSource       : HikariPool-1 - Starting...
2026-03-26T13:03:50.995+01:00  INFO 17484 --- [EMC-lab] [main] com.zaxxer.hikari.pool.HikariPool        : HikariPool-1 - Added connection org.postgresql.jdbc.PgConnection@37dec463
2026-03-26T13:03:50.998+01:00  INFO 17484 --- [EMC-lab] [main] com.zaxxer.hikari.HikariDataSource       : HikariPool-1 - Start completed.
2026-03-26T13:03:51.196+01:00  INFO 17484 --- [EMC-lab] [main] org.hibernate.orm.connections.pooling    : HHH10001005: Database info:
	Database JDBC URL [jdbc:postgresql://localhost:5434/eshoplab]
	Database driver: PostgreSQL JDBC Driver
	Database dialect: PostgreSQLDialect
	Database version: 17.4
	Default catalog/schema: eshoplab/public
	Autocommit mode: undefined/unknown
	Isolation level: READ_COMMITTED [default READ_COMMITTED]
	JDBC fetch size: none
	Pool: DataSourceConnectionProvider
	Minimum pool size: undefined/unknown
	Maximum pool size: undefined/unknown
2026-03-26T13:03:53.664+01:00  INFO 17484 --- [EMC-lab] [main] org.hibernate.orm.core                   : HHH000489: No JTA platform available (set 'hibernate.transaction.jta.platform' to enable JTA platform integration)
2026-03-26T13:03:55.564+01:00  WARN 17484 --- [EMC-lab] [main] JpaBaseConfiguration$JpaWebConfiguration : spring.jpa.open-in-view is enabled by default. Therefore, database queries may be performed during view rendering. Explicitly configure spring.jpa.open-in-view to disable this warning
2026-03-26T13:03:56.791+01:00  INFO 17484 --- [EMC-lab] [main] mk.ukim.finki.emclab.EmcLabApplication   : Started EmcLabApplication in 11.179 seconds (process running for 12.567)
2026-03-26T13:03:56.887+01:00  INFO 17484 --- [EMC-lab] [http-nio-8080-exec-2] o.a.c.c.C.[Tomcat].[localhost].[/]       : Initializing Spring DispatcherServlet 'dispatcherServlet'
2026-03-26T13:03:58.630+01:00  INFO 17484 --- [EMC-lab] [http-nio-8080-exec-3] o.springdoc.api.AbstractOpenApiResource  : Init duration for springdoc-openapi is: 1380 ms
2026-03-26T13:04:00.049+01:00  INFO 17484 --- [EMC-lab] [scheduling-1] u.f.e.j.MaterializedViewRefreshScheduler : Refreshing BOOKS_STATS_MV...
2026-03-26T13:04:00.181+01:00 DEBUG 17484 --- [EMC-lab] [scheduling-1] org.hibernate.SQL                        : refresh materialized view books_stats_mv
2026-03-26T13:04:00.227+01:00  INFO 17484 --- [EMC-lab] [scheduling-1] u.f.e.j.MaterializedViewRefreshScheduler : BOOKS_STATS_MV successfully refreshed.
2026-03-26T13:04:36.702+01:00 DEBUG 17484 --- [EMC-lab] [http-nio-8080-exec-6] org.hibernate.SQL                        : select a1_0.id,a1_0.country_id,c1_0.id,c1_0.continent,c1_0.name,a1_0.created_at,a1_0.name,a1_0.surname,a1_0.updated_at from authors a1_0 join countries c1_0 on c1_0.id=a1_0.country_id where a1_0.id=?
2026-03-26T13:04:36.702+01:00 TRACE 17484 --- [EMC-lab] [http-nio-8080-exec-6] org.hibernate.orm.jdbc.bind              : binding parameter (1:BIGINT) <- [1]
2026-03-26T13:04:36.868+01:00 DEBUG 17484 --- [EMC-lab] [http-nio-8080-exec-6] org.hibernate.SQL                        : insert into books (author_id,available_copies,category,created_at,date_published,name,state,updated_at) values (?,?,?,?,?,?,?,?)
2026-03-26T13:04:36.879+01:00 TRACE 17484 --- [EMC-lab] [http-nio-8080-exec-6] org.hibernate.orm.jdbc.bind              : binding parameter (1:BIGINT) <- [1]
2026-03-26T13:04:36.879+01:00 TRACE 17484 --- [EMC-lab] [http-nio-8080-exec-6] org.hibernate.orm.jdbc.bind              : binding parameter (2:INTEGER) <- [4]
2026-03-26T13:04:36.879+01:00 TRACE 17484 --- [EMC-lab] [http-nio-8080-exec-6] org.hibernate.orm.jdbc.bind              : binding parameter (3:VARCHAR) <- [NOVEL]
2026-03-26T13:04:36.879+01:00 TRACE 17484 --- [EMC-lab] [http-nio-8080-exec-6] org.hibernate.orm.jdbc.bind              : binding parameter (4:TIMESTAMP) <- [2026-03-26T13:04:36.826655200]
2026-03-26T13:04:36.879+01:00 TRACE 17484 --- [EMC-lab] [http-nio-8080-exec-6] org.hibernate.orm.jdbc.bind              : binding parameter (5:DATE) <- [2026-03-26]
2026-03-26T13:04:36.879+01:00 TRACE 17484 --- [EMC-lab] [http-nio-8080-exec-6] org.hibernate.orm.jdbc.bind              : binding parameter (6:VARCHAR) <- [kniga1]
2026-03-26T13:04:36.879+01:00 TRACE 17484 --- [EMC-lab] [http-nio-8080-exec-6] org.hibernate.orm.jdbc.bind              : binding parameter (7:VARCHAR) <- [GOOD]
2026-03-26T13:04:36.879+01:00 TRACE 17484 --- [EMC-lab] [http-nio-8080-exec-6] org.hibernate.orm.jdbc.bind              : binding parameter (8:TIMESTAMP) <- [2026-03-26T13:04:36.826655200]
2026-03-26T13:04:42.819+01:00 DEBUG 17484 --- [EMC-lab] [http-nio-8080-exec-5] org.hibernate.SQL                        : select b1_0.id,b1_0.author_id,b1_0.available_copies,b1_0.category,b1_0.created_at,b1_0.date_published,b1_0.name,b1_0.state,b1_0.updated_at from books b1_0 where b1_0.date_published<? fetch first ? rows only
2026-03-26T13:04:42.824+01:00 TRACE 17484 --- [EMC-lab] [http-nio-8080-exec-5] org.hibernate.orm.jdbc.bind              : binding parameter (1:DATE) <- [2026-03-26]
2026-03-26T13:04:42.824+01:00 TRACE 17484 --- [EMC-lab] [http-nio-8080-exec-5] org.hibernate.orm.jdbc.bind              : binding parameter (2:INTEGER) <- [10]
2026-03-26T13:05:00.008+01:00  INFO 17484 --- [EMC-lab] [scheduling-1] u.f.e.j.MaterializedViewRefreshScheduler : Refreshing BOOKS_STATS_MV...
2026-03-26T13:05:00.010+01:00 DEBUG 17484 --- [EMC-lab] [scheduling-1] org.hibernate.SQL                        : refresh materialized view books_stats_mv
2026-03-26T13:05:00.020+01:00  INFO 17484 --- [EMC-lab] [scheduling-1] u.f.e.j.MaterializedViewRefreshScheduler : BOOKS_STATS_MV successfully refreshed.
2026-03-26T13:05:04.907+01:00  INFO 17484 --- [EMC-lab] [SpringApplicationShutdownHook] com.zaxxer.hikari.HikariDataSource       : HikariPool-1 - Shutdown initiated...
2026-03-26T13:05:04.912+01:00  INFO 17484 --- [EMC-lab] [SpringApplicationShutdownHook] com.zaxxer.hikari.HikariDataSource       : HikariPool-1 - Shutdown completed.
2026-03-26T13:06:24.359+01:00  INFO 9396 --- [EMC-lab] [main] mk.ukim.finki.emclab.EmcLabApplication   : Starting EmcLabApplication using Java 21.0.9 with PID 9396 (C:\Users\anama\Desktop\FINKI\IntelliJ-EMC\EMC-lab\target\classes started by anama in C:\Users\anama\Desktop\FINKI\IntelliJ-EMC\EMC-lab)
2026-03-26T13:06:24.365+01:00  INFO 9396 --- [EMC-lab] [main] mk.ukim.finki.emclab.EmcLabApplication   : The following 1 profile is active: "dev"
2026-03-26T13:06:27.378+01:00  INFO 9396 --- [EMC-lab] [main] o.apache.catalina.core.StandardService   : Starting service [Tomcat]
2026-03-26T13:06:27.378+01:00  INFO 9396 --- [EMC-lab] [main] o.apache.catalina.core.StandardEngine    : Starting Servlet engine: [Apache Tomcat/11.0.18]
2026-03-26T13:06:28.042+01:00  INFO 9396 --- [EMC-lab] [main] org.hibernate.orm.jpa                    : HHH008540: Processing PersistenceUnitInfo [name: default]
2026-03-26T13:06:28.195+01:00  INFO 9396 --- [EMC-lab] [main] org.hibernate.orm.core                   : HHH000001: Hibernate ORM core version 7.2.4.Final
2026-03-26T13:06:29.663+01:00  INFO 9396 --- [EMC-lab] [main] com.zaxxer.hikari.HikariDataSource       : HikariPool-1 - Starting...
2026-03-26T13:06:30.152+01:00  INFO 9396 --- [EMC-lab] [main] com.zaxxer.hikari.pool.HikariPool        : HikariPool-1 - Added connection org.postgresql.jdbc.PgConnection@2b1a1a37
2026-03-26T13:06:30.160+01:00  INFO 9396 --- [EMC-lab] [main] com.zaxxer.hikari.HikariDataSource       : HikariPool-1 - Start completed.
2026-03-26T13:06:30.359+01:00  INFO 9396 --- [EMC-lab] [main] org.hibernate.orm.connections.pooling    : HHH10001005: Database info:
	Database JDBC URL [jdbc:postgresql://localhost:5434/eshoplab]
	Database driver: PostgreSQL JDBC Driver
	Database dialect: PostgreSQLDialect
	Database version: 17.4
	Default catalog/schema: eshoplab/public
	Autocommit mode: undefined/unknown
	Isolation level: READ_COMMITTED [default READ_COMMITTED]
	JDBC fetch size: none
	Pool: DataSourceConnectionProvider
	Minimum pool size: undefined/unknown
	Maximum pool size: undefined/unknown
2026-03-26T13:06:33.250+01:00  INFO 9396 --- [EMC-lab] [main] org.hibernate.orm.core                   : HHH000489: No JTA platform available (set 'hibernate.transaction.jta.platform' to enable JTA platform integration)
2026-03-26T13:06:34.554+01:00  WARN 9396 --- [EMC-lab] [main] JpaBaseConfiguration$JpaWebConfiguration : spring.jpa.open-in-view is enabled by default. Therefore, database queries may be performed during view rendering. Explicitly configure spring.jpa.open-in-view to disable this warning
2026-03-26T13:06:35.191+01:00  INFO 9396 --- [EMC-lab] [main] mk.ukim.finki.emclab.EmcLabApplication   : Started EmcLabApplication in 11.392 seconds (process running for 12.976)
2026-03-26T13:06:35.247+01:00  INFO 9396 --- [EMC-lab] [http-nio-8080-exec-1] o.a.c.c.C.[Tomcat].[localhost].[/]       : Initializing Spring DispatcherServlet 'dispatcherServlet'
2026-03-26T13:06:36.856+01:00  INFO 9396 --- [EMC-lab] [http-nio-8080-exec-8] o.springdoc.api.AbstractOpenApiResource  : Init duration for springdoc-openapi is: 1134 ms
2026-03-26T13:06:43.240+01:00 DEBUG 9396 --- [EMC-lab] [http-nio-8080-exec-5] org.hibernate.SQL                        : select b1_0.id,b1_0.author_id,b1_0.available_copies,b1_0.category,b1_0.created_at,b1_0.date_published,b1_0.name,b1_0.state,b1_0.updated_at from books b1_0 where b1_0.date_published<? fetch first ? rows only
2026-03-26T13:06:43.247+01:00 TRACE 9396 --- [EMC-lab] [http-nio-8080-exec-5] org.hibernate.orm.jdbc.bind              : binding parameter (1:DATE) <- [2026-03-26]
2026-03-26T13:06:43.248+01:00 TRACE 9396 --- [EMC-lab] [http-nio-8080-exec-5] org.hibernate.orm.jdbc.bind              : binding parameter (2:INTEGER) <- [10]
2026-03-26T13:07:00.047+01:00  INFO 9396 --- [EMC-lab] [scheduling-1] u.f.e.j.MaterializedViewRefreshScheduler : Refreshing BOOKS_STATS_MV...
2026-03-26T13:07:00.075+01:00 DEBUG 9396 --- [EMC-lab] [scheduling-1] org.hibernate.SQL                        : refresh materialized view books_stats_mv
2026-03-26T13:07:00.083+01:00  INFO 9396 --- [EMC-lab] [scheduling-1] u.f.e.j.MaterializedViewRefreshScheduler : BOOKS_STATS_MV successfully refreshed.
2026-03-26T13:07:02.659+01:00  INFO 9396 --- [EMC-lab] [SpringApplicationShutdownHook] com.zaxxer.hikari.HikariDataSource       : HikariPool-1 - Shutdown initiated...
2026-03-26T13:07:02.672+01:00  INFO 9396 --- [EMC-lab] [SpringApplicationShutdownHook] com.zaxxer.hikari.HikariDataSource       : HikariPool-1 - Shutdown completed.
2026-03-26T13:07:29.312+01:00  INFO 9568 --- [EMC-lab] [main] mk.ukim.finki.emclab.EmcLabApplication   : Starting EmcLabApplication using Java 21.0.9 with PID 9568 (C:\Users\anama\Desktop\FINKI\IntelliJ-EMC\EMC-lab\target\classes started by anama in C:\Users\anama\Desktop\FINKI\IntelliJ-EMC\EMC-lab)
2026-03-26T13:07:29.318+01:00  INFO 9568 --- [EMC-lab] [main] mk.ukim.finki.emclab.EmcLabApplication   : The following 1 profile is active: "dev"
2026-03-26T13:07:31.237+01:00  INFO 9568 --- [EMC-lab] [main] o.apache.catalina.core.StandardService   : Starting service [Tomcat]
2026-03-26T13:07:31.237+01:00  INFO 9568 --- [EMC-lab] [main] o.apache.catalina.core.StandardEngine    : Starting Servlet engine: [Apache Tomcat/11.0.18]
2026-03-26T13:07:31.556+01:00  INFO 9568 --- [EMC-lab] [main] org.hibernate.orm.jpa                    : HHH008540: Processing PersistenceUnitInfo [name: default]
2026-03-26T13:07:31.694+01:00  INFO 9568 --- [EMC-lab] [main] org.hibernate.orm.core                   : HHH000001: Hibernate ORM core version 7.2.4.Final
2026-03-26T13:07:33.199+01:00  INFO 9568 --- [EMC-lab] [main] com.zaxxer.hikari.HikariDataSource       : HikariPool-1 - Starting...
2026-03-26T13:07:33.797+01:00  INFO 9568 --- [EMC-lab] [main] com.zaxxer.hikari.pool.HikariPool        : HikariPool-1 - Added connection org.postgresql.jdbc.PgConnection@5305f936
2026-03-26T13:07:33.803+01:00  INFO 9568 --- [EMC-lab] [main] com.zaxxer.hikari.HikariDataSource       : HikariPool-1 - Start completed.
2026-03-26T13:07:34.024+01:00  INFO 9568 --- [EMC-lab] [main] org.hibernate.orm.connections.pooling    : HHH10001005: Database info:
	Database JDBC URL [jdbc:postgresql://localhost:5434/eshoplab]
	Database driver: PostgreSQL JDBC Driver
	Database dialect: PostgreSQLDialect
	Database version: 17.4
	Default catalog/schema: eshoplab/public
	Autocommit mode: undefined/unknown
	Isolation level: READ_COMMITTED [default READ_COMMITTED]
	JDBC fetch size: none
	Pool: DataSourceConnectionProvider
	Minimum pool size: undefined/unknown
	Maximum pool size: undefined/unknown
2026-03-26T13:07:36.711+01:00  INFO 9568 --- [EMC-lab] [main] org.hibernate.orm.core                   : HHH000489: No JTA platform available (set 'hibernate.transaction.jta.platform' to enable JTA platform integration)
2026-03-26T13:07:38.265+01:00  WARN 9568 --- [EMC-lab] [main] JpaBaseConfiguration$JpaWebConfiguration : spring.jpa.open-in-view is enabled by default. Therefore, database queries may be performed during view rendering. Explicitly configure spring.jpa.open-in-view to disable this warning
2026-03-26T13:07:39.307+01:00  INFO 9568 --- [EMC-lab] [main] mk.ukim.finki.emclab.EmcLabApplication   : Started EmcLabApplication in 10.579 seconds (process running for 11.118)
2026-03-26T13:07:43.963+01:00  INFO 9568 --- [EMC-lab] [http-nio-8080-exec-1] o.a.c.c.C.[Tomcat].[localhost].[/]       : Initializing Spring DispatcherServlet 'dispatcherServlet'
2026-03-26T13:07:45.612+01:00  INFO 9568 --- [EMC-lab] [http-nio-8080-exec-4] o.springdoc.api.AbstractOpenApiResource  : Init duration for springdoc-openapi is: 1314 ms
2026-03-26T13:08:00.051+01:00  INFO 9568 --- [EMC-lab] [scheduling-1] u.f.e.j.MaterializedViewRefreshScheduler : Refreshing BOOKS_STATS_MV...
2026-03-26T13:08:00.176+01:00 DEBUG 9568 --- [EMC-lab] [scheduling-1] org.hibernate.SQL                        : refresh materialized view books_stats_mv
2026-03-26T13:08:00.196+01:00  INFO 9568 --- [EMC-lab] [scheduling-1] u.f.e.j.MaterializedViewRefreshScheduler : BOOKS_STATS_MV successfully refreshed.
2026-03-26T13:08:12.864+01:00 DEBUG 9568 --- [EMC-lab] [http-nio-8080-exec-5] org.hibernate.SQL                        : select a1_0.id,a1_0.country_id,c1_0.id,c1_0.continent,c1_0.name,a1_0.created_at,a1_0.name,a1_0.surname,a1_0.updated_at from authors a1_0 join countries c1_0 on c1_0.id=a1_0.country_id where a1_0.id=?
2026-03-26T13:08:12.872+01:00 TRACE 9568 --- [EMC-lab] [http-nio-8080-exec-5] org.hibernate.orm.jdbc.bind              : binding parameter (1:BIGINT) <- [1]
2026-03-26T13:08:13.032+01:00 DEBUG 9568 --- [EMC-lab] [http-nio-8080-exec-5] org.hibernate.SQL                        : insert into books (author_id,available_copies,category,created_at,date_published,name,state,updated_at) values (?,?,?,?,?,?,?,?)
2026-03-26T13:08:13.037+01:00 TRACE 9568 --- [EMC-lab] [http-nio-8080-exec-5] org.hibernate.orm.jdbc.bind              : binding parameter (1:BIGINT) <- [1]
2026-03-26T13:08:13.037+01:00 TRACE 9568 --- [EMC-lab] [http-nio-8080-exec-5] org.hibernate.orm.jdbc.bind              : binding parameter (2:INTEGER) <- [5]
2026-03-26T13:08:13.037+01:00 TRACE 9568 --- [EMC-lab] [http-nio-8080-exec-5] org.hibernate.orm.jdbc.bind              : binding parameter (3:VARCHAR) <- [NOVEL]
2026-03-26T13:08:13.037+01:00 TRACE 9568 --- [EMC-lab] [http-nio-8080-exec-5] org.hibernate.orm.jdbc.bind              : binding parameter (4:TIMESTAMP) <- [2026-03-26T13:08:12.981966800]
2026-03-26T13:08:13.037+01:00 TRACE 9568 --- [EMC-lab] [http-nio-8080-exec-5] org.hibernate.orm.jdbc.bind              : binding parameter (5:DATE) <- [2026-03-24]
2026-03-26T13:08:13.037+01:00 TRACE 9568 --- [EMC-lab] [http-nio-8080-exec-5] org.hibernate.orm.jdbc.bind              : binding parameter (6:VARCHAR) <- [book1]
2026-03-26T13:08:13.042+01:00 TRACE 9568 --- [EMC-lab] [http-nio-8080-exec-5] org.hibernate.orm.jdbc.bind              : binding parameter (7:VARCHAR) <- [GOOD]
2026-03-26T13:08:13.043+01:00 TRACE 9568 --- [EMC-lab] [http-nio-8080-exec-5] org.hibernate.orm.jdbc.bind              : binding parameter (8:TIMESTAMP) <- [2026-03-26T13:08:12.981966800]
2026-03-26T13:08:19.477+01:00 DEBUG 9568 --- [EMC-lab] [http-nio-8080-exec-6] org.hibernate.SQL                        : select b1_0.id,b1_0.author_id,b1_0.available_copies,b1_0.category,b1_0.created_at,b1_0.date_published,b1_0.name,b1_0.state,b1_0.updated_at from books b1_0 where b1_0.date_published<? fetch first ? rows only
2026-03-26T13:08:19.485+01:00 TRACE 9568 --- [EMC-lab] [http-nio-8080-exec-6] org.hibernate.orm.jdbc.bind              : binding parameter (1:DATE) <- [2026-03-26]
2026-03-26T13:08:19.486+01:00 TRACE 9568 --- [EMC-lab] [http-nio-8080-exec-6] org.hibernate.orm.jdbc.bind              : binding parameter (2:INTEGER) <- [10]
2026-03-26T13:08:19.496+01:00 DEBUG 9568 --- [EMC-lab] [http-nio-8080-exec-6] org.hibernate.SQL                        : select a1_0.id,a1_0.country_id,c1_0.id,c1_0.continent,c1_0.name,a1_0.created_at,a1_0.name,a1_0.surname,a1_0.updated_at from authors a1_0 join countries c1_0 on c1_0.id=a1_0.country_id where a1_0.id=?
2026-03-26T13:08:19.497+01:00 TRACE 9568 --- [EMC-lab] [http-nio-8080-exec-6] org.hibernate.orm.jdbc.bind              : binding parameter (1:BIGINT) <- [1]
2026-03-26T13:09:00.018+01:00  INFO 9568 --- [EMC-lab] [scheduling-1] u.f.e.j.MaterializedViewRefreshScheduler : Refreshing BOOKS_STATS_MV...
2026-03-26T13:09:00.020+01:00 DEBUG 9568 --- [EMC-lab] [scheduling-1] org.hibernate.SQL                        : refresh materialized view books_stats_mv
2026-03-26T13:09:00.036+01:00  INFO 9568 --- [EMC-lab] [scheduling-1] u.f.e.j.MaterializedViewRefreshScheduler : BOOKS_STATS_MV successfully refreshed.
2026-03-26T13:10:00.022+01:00  INFO 9568 --- [EMC-lab] [scheduling-1] u.f.e.j.MaterializedViewRefreshScheduler : Refreshing BOOKS_STATS_MV...
2026-03-26T13:10:00.026+01:00 DEBUG 9568 --- [EMC-lab] [scheduling-1] org.hibernate.SQL                        : refresh materialized view books_stats_mv
2026-03-26T13:10:00.037+01:00  INFO 9568 --- [EMC-lab] [scheduling-1] u.f.e.j.MaterializedViewRefreshScheduler : BOOKS_STATS_MV successfully refreshed.
2026-03-26T13:11:00.013+01:00  INFO 9568 --- [EMC-lab] [scheduling-1] u.f.e.j.MaterializedViewRefreshScheduler : Refreshing BOOKS_STATS_MV...
2026-03-26T13:11:00.016+01:00 DEBUG 9568 --- [EMC-lab] [scheduling-1] org.hibernate.SQL                        : refresh materialized view books_stats_mv
2026-03-26T13:11:00.028+01:00  INFO 9568 --- [EMC-lab] [scheduling-1] u.f.e.j.MaterializedViewRefreshScheduler : BOOKS_STATS_MV successfully refreshed.
2026-03-26T13:12:00.019+01:00  INFO 9568 --- [EMC-lab] [scheduling-1] u.f.e.j.MaterializedViewRefreshScheduler : Refreshing BOOKS_STATS_MV...
2026-03-26T13:12:00.022+01:00 DEBUG 9568 --- [EMC-lab] [scheduling-1] org.hibernate.SQL                        : refresh materialized view books_stats_mv
2026-03-26T13:12:00.037+01:00  INFO 9568 --- [EMC-lab] [scheduling-1] u.f.e.j.MaterializedViewRefreshScheduler : BOOKS_STATS_MV successfully refreshed.
2026-03-26T13:13:00.013+01:00  INFO 9568 --- [EMC-lab] [scheduling-1] u.f.e.j.MaterializedViewRefreshScheduler : Refreshing BOOKS_STATS_MV...
2026-03-26T13:13:00.016+01:00 DEBUG 9568 --- [EMC-lab] [scheduling-1] org.hibernate.SQL                        : refresh materialized view books_stats_mv
2026-03-26T13:13:00.032+01:00  INFO 9568 --- [EMC-lab] [scheduling-1] u.f.e.j.MaterializedViewRefreshScheduler : BOOKS_STATS_MV successfully refreshed.
2026-03-26T13:14:00.019+01:00  INFO 9568 --- [EMC-lab] [scheduling-1] u.f.e.j.MaterializedViewRefreshScheduler : Refreshing BOOKS_STATS_MV...
2026-03-26T13:14:00.023+01:00 DEBUG 9568 --- [EMC-lab] [scheduling-1] org.hibernate.SQL                        : refresh materialized view books_stats_mv
2026-03-26T13:14:00.040+01:00  INFO 9568 --- [EMC-lab] [scheduling-1] u.f.e.j.MaterializedViewRefreshScheduler : BOOKS_STATS_MV successfully refreshed.
2026-03-26T13:15:00.010+01:00  INFO 9568 --- [EMC-lab] [scheduling-1] u.f.e.j.MaterializedViewRefreshScheduler : Refreshing BOOKS_STATS_MV...
2026-03-26T13:15:00.014+01:00 DEBUG 9568 --- [EMC-lab] [scheduling-1] org.hibernate.SQL                        : refresh materialized view books_stats_mv
2026-03-26T13:15:00.021+01:00  INFO 9568 --- [EMC-lab] [scheduling-1] u.f.e.j.MaterializedViewRefreshScheduler : BOOKS_STATS_MV successfully refreshed.
2026-03-26T13:15:48.255+01:00 DEBUG 9568 --- [EMC-lab] [http-nio-8080-exec-8] org.hibernate.SQL                        : select a1_0.id,a1_0.country_id,c1_0.id,c1_0.continent,c1_0.name,a1_0.created_at,a1_0.name,a1_0.surname,a1_0.updated_at from authors a1_0 join countries c1_0 on c1_0.id=a1_0.country_id where a1_0.id=?
2026-03-26T13:15:48.257+01:00 TRACE 9568 --- [EMC-lab] [http-nio-8080-exec-8] org.hibernate.orm.jdbc.bind              : binding parameter (1:BIGINT) <- [1]
2026-03-26T13:15:48.270+01:00 DEBUG 9568 --- [EMC-lab] [http-nio-8080-exec-8] org.hibernate.SQL                        : insert into books (author_id,available_copies,category,created_at,date_published,name,state,updated_at) values (?,?,?,?,?,?,?,?)
2026-03-26T13:15:48.272+01:00 TRACE 9568 --- [EMC-lab] [http-nio-8080-exec-8] org.hibernate.orm.jdbc.bind              : binding parameter (1:BIGINT) <- [1]
2026-03-26T13:15:48.272+01:00 TRACE 9568 --- [EMC-lab] [http-nio-8080-exec-8] org.hibernate.orm.jdbc.bind              : binding parameter (2:INTEGER) <- [3]
2026-03-26T13:15:48.272+01:00 TRACE 9568 --- [EMC-lab] [http-nio-8080-exec-8] org.hibernate.orm.jdbc.bind              : binding parameter (3:VARCHAR) <- [THRILLER]
2026-03-26T13:15:48.274+01:00 TRACE 9568 --- [EMC-lab] [http-nio-8080-exec-8] org.hibernate.orm.jdbc.bind              : binding parameter (4:TIMESTAMP) <- [2026-03-26T13:15:48.270375100]
2026-03-26T13:15:48.274+01:00 TRACE 9568 --- [EMC-lab] [http-nio-8080-exec-8] org.hibernate.orm.jdbc.bind              : binding parameter (5:DATE) <- [2026-03-21]
2026-03-26T13:15:48.274+01:00 TRACE 9568 --- [EMC-lab] [http-nio-8080-exec-8] org.hibernate.orm.jdbc.bind              : binding parameter (6:VARCHAR) <- [book2]
2026-03-26T13:15:48.274+01:00 TRACE 9568 --- [EMC-lab] [http-nio-8080-exec-8] org.hibernate.orm.jdbc.bind              : binding parameter (7:VARCHAR) <- [GOOD]
2026-03-26T13:15:48.274+01:00 TRACE 9568 --- [EMC-lab] [http-nio-8080-exec-8] org.hibernate.orm.jdbc.bind              : binding parameter (8:TIMESTAMP) <- [2026-03-26T13:15:48.270375100]
2026-03-26T13:15:51.976+01:00 DEBUG 9568 --- [EMC-lab] [http-nio-8080-exec-10] org.hibernate.SQL                        : select b1_0.id,b1_0.author_id,b1_0.available_copies,b1_0.category,b1_0.created_at,b1_0.date_published,b1_0.name,b1_0.state,b1_0.updated_at from books b1_0 where b1_0.date_published<? fetch first ? rows only
2026-03-26T13:15:51.981+01:00 TRACE 9568 --- [EMC-lab] [http-nio-8080-exec-10] org.hibernate.orm.jdbc.bind              : binding parameter (1:DATE) <- [2026-03-26]
2026-03-26T13:15:51.989+01:00 TRACE 9568 --- [EMC-lab] [http-nio-8080-exec-10] org.hibernate.orm.jdbc.bind              : binding parameter (2:INTEGER) <- [10]
2026-03-26T13:15:51.995+01:00 DEBUG 9568 --- [EMC-lab] [http-nio-8080-exec-10] org.hibernate.SQL                        : select a1_0.id,a1_0.country_id,c1_0.id,c1_0.continent,c1_0.name,a1_0.created_at,a1_0.name,a1_0.surname,a1_0.updated_at from authors a1_0 join countries c1_0 on c1_0.id=a1_0.country_id where a1_0.id=?
2026-03-26T13:15:51.997+01:00 TRACE 9568 --- [EMC-lab] [http-nio-8080-exec-10] org.hibernate.orm.jdbc.bind              : binding parameter (1:BIGINT) <- [1]
2026-03-26T13:16:00.010+01:00  INFO 9568 --- [EMC-lab] [scheduling-1] u.f.e.j.MaterializedViewRefreshScheduler : Refreshing BOOKS_STATS_MV...
2026-03-26T13:16:00.014+01:00 DEBUG 9568 --- [EMC-lab] [scheduling-1] org.hibernate.SQL                        : refresh materialized view books_stats_mv
2026-03-26T13:16:00.027+01:00  INFO 9568 --- [EMC-lab] [scheduling-1] u.f.e.j.MaterializedViewRefreshScheduler : BOOKS_STATS_MV successfully refreshed.
2026-03-26T13:17:00.018+01:00  INFO 9568 --- [EMC-lab] [scheduling-1] u.f.e.j.MaterializedViewRefreshScheduler : Refreshing BOOKS_STATS_MV...
2026-03-26T13:17:00.022+01:00 DEBUG 9568 --- [EMC-lab] [scheduling-1] org.hibernate.SQL                        : refresh materialized view books_stats_mv
2026-03-26T13:17:00.038+01:00  INFO 9568 --- [EMC-lab] [scheduling-1] u.f.e.j.MaterializedViewRefreshScheduler : BOOKS_STATS_MV successfully refreshed.
2026-03-26T13:18:00.029+01:00  INFO 9568 --- [EMC-lab] [scheduling-1] u.f.e.j.MaterializedViewRefreshScheduler : Refreshing BOOKS_STATS_MV...
2026-03-26T13:18:00.031+01:00 DEBUG 9568 --- [EMC-lab] [scheduling-1] org.hibernate.SQL                        : refresh materialized view books_stats_mv
2026-03-26T13:18:00.048+01:00  INFO 9568 --- [EMC-lab] [scheduling-1] u.f.e.j.MaterializedViewRefreshScheduler : BOOKS_STATS_MV successfully refreshed.
2026-03-26T13:19:00.024+01:00  INFO 9568 --- [EMC-lab] [scheduling-1] u.f.e.j.MaterializedViewRefreshScheduler : Refreshing BOOKS_STATS_MV...
2026-03-26T13:19:00.027+01:00 DEBUG 9568 --- [EMC-lab] [scheduling-1] org.hibernate.SQL                        : refresh materialized view books_stats_mv
2026-03-26T13:19:00.051+01:00  INFO 9568 --- [EMC-lab] [scheduling-1] u.f.e.j.MaterializedViewRefreshScheduler : BOOKS_STATS_MV successfully refreshed.
2026-03-26T13:20:00.023+01:00  INFO 9568 --- [EMC-lab] [scheduling-1] u.f.e.j.MaterializedViewRefreshScheduler : Refreshing BOOKS_STATS_MV...
2026-03-26T13:20:00.026+01:00 DEBUG 9568 --- [EMC-lab] [scheduling-1] org.hibernate.SQL                        : refresh materialized view books_stats_mv
2026-03-26T13:20:00.039+01:00  INFO 9568 --- [EMC-lab] [scheduling-1] u.f.e.j.MaterializedViewRefreshScheduler : BOOKS_STATS_MV successfully refreshed.
2026-03-26T13:21:00.015+01:00  INFO 9568 --- [EMC-lab] [scheduling-1] u.f.e.j.MaterializedViewRefreshScheduler : Refreshing BOOKS_STATS_MV...
2026-03-26T13:21:00.018+01:00 DEBUG 9568 --- [EMC-lab] [scheduling-1] org.hibernate.SQL                        : refresh materialized view books_stats_mv
2026-03-26T13:21:00.032+01:00  INFO 9568 --- [EMC-lab] [scheduling-1] u.f.e.j.MaterializedViewRefreshScheduler : BOOKS_STATS_MV successfully refreshed.
2026-03-26T13:22:00.014+01:00  INFO 9568 --- [EMC-lab] [scheduling-1] u.f.e.j.MaterializedViewRefreshScheduler : Refreshing BOOKS_STATS_MV...
2026-03-26T13:22:00.016+01:00 DEBUG 9568 --- [EMC-lab] [scheduling-1] org.hibernate.SQL                        : refresh materialized view books_stats_mv
2026-03-26T13:22:00.034+01:00  INFO 9568 --- [EMC-lab] [scheduling-1] u.f.e.j.MaterializedViewRefreshScheduler : BOOKS_STATS_MV successfully refreshed.
2026-03-26T13:22:59.690+01:00 DEBUG 9568 --- [EMC-lab] [http-nio-8080-exec-2] org.hibernate.SQL                        : select a1_0.id,a1_0.country_id,c1_0.id,c1_0.continent,c1_0.name,a1_0.created_at,a1_0.name,a1_0.surname,a1_0.updated_at from authors a1_0 join countries c1_0 on c1_0.id=a1_0.country_id where a1_0.id=?
2026-03-26T13:22:59.690+01:00 TRACE 9568 --- [EMC-lab] [http-nio-8080-exec-2] org.hibernate.orm.jdbc.bind              : binding parameter (1:BIGINT) <- [1]
2026-03-26T13:22:59.703+01:00 DEBUG 9568 --- [EMC-lab] [http-nio-8080-exec-2] org.hibernate.SQL                        : insert into books (author_id,available_copies,category,created_at,date_published,name,state,updated_at) values (?,?,?,?,?,?,?,?)
2026-03-26T13:22:59.703+01:00 TRACE 9568 --- [EMC-lab] [http-nio-8080-exec-2] org.hibernate.orm.jdbc.bind              : binding parameter (1:BIGINT) <- [1]
2026-03-26T13:22:59.703+01:00 TRACE 9568 --- [EMC-lab] [http-nio-8080-exec-2] org.hibernate.orm.jdbc.bind              : binding parameter (2:INTEGER) <- [6]
2026-03-26T13:22:59.703+01:00 TRACE 9568 --- [EMC-lab] [http-nio-8080-exec-2] org.hibernate.orm.jdbc.bind              : binding parameter (3:VARCHAR) <- [DRAMA]
2026-03-26T13:22:59.703+01:00 TRACE 9568 --- [EMC-lab] [http-nio-8080-exec-2] org.hibernate.orm.jdbc.bind              : binding parameter (4:TIMESTAMP) <- [2026-03-26T13:22:59.703163100]
2026-03-26T13:22:59.706+01:00 TRACE 9568 --- [EMC-lab] [http-nio-8080-exec-2] org.hibernate.orm.jdbc.bind              : binding parameter (5:DATE) <- [2026-03-20]
2026-03-26T13:22:59.709+01:00 TRACE 9568 --- [EMC-lab] [http-nio-8080-exec-2] org.hibernate.orm.jdbc.bind              : binding parameter (6:VARCHAR) <- [book3]
2026-03-26T13:22:59.710+01:00 TRACE 9568 --- [EMC-lab] [http-nio-8080-exec-2] org.hibernate.orm.jdbc.bind              : binding parameter (7:VARCHAR) <- [BAD]
2026-03-26T13:22:59.710+01:00 TRACE 9568 --- [EMC-lab] [http-nio-8080-exec-2] org.hibernate.orm.jdbc.bind              : binding parameter (8:TIMESTAMP) <- [2026-03-26T13:22:59.703163100]
2026-03-26T13:23:00.010+01:00  INFO 9568 --- [EMC-lab] [scheduling-1] u.f.e.j.MaterializedViewRefreshScheduler : Refreshing BOOKS_STATS_MV...
2026-03-26T13:23:00.010+01:00 DEBUG 9568 --- [EMC-lab] [scheduling-1] org.hibernate.SQL                        : refresh materialized view books_stats_mv
2026-03-26T13:23:00.029+01:00  INFO 9568 --- [EMC-lab] [scheduling-1] u.f.e.j.MaterializedViewRefreshScheduler : BOOKS_STATS_MV successfully refreshed.
2026-03-26T13:23:27.967+01:00  INFO 9568 --- [EMC-lab] [SpringApplicationShutdownHook] com.zaxxer.hikari.HikariDataSource       : HikariPool-1 - Shutdown initiated...
2026-03-26T13:23:27.979+01:00  INFO 9568 --- [EMC-lab] [SpringApplicationShutdownHook] com.zaxxer.hikari.HikariDataSource       : HikariPool-1 - Shutdown completed.
2026-03-26T13:24:11.867+01:00  INFO 19032 --- [EMC-lab] [main] mk.ukim.finki.emclab.EmcLabApplication   : Starting EmcLabApplication using Java 21.0.9 with PID 19032 (C:\Users\anama\Desktop\FINKI\IntelliJ-EMC\EMC-lab\target\classes started by anama in C:\Users\anama\Desktop\FINKI\IntelliJ-EMC\EMC-lab)
2026-03-26T13:24:11.871+01:00  INFO 19032 --- [EMC-lab] [main] mk.ukim.finki.emclab.EmcLabApplication   : The following 1 profile is active: "dev"
2026-03-26T13:24:14.532+01:00  INFO 19032 --- [EMC-lab] [main] o.apache.catalina.core.StandardService   : Starting service [Tomcat]
2026-03-26T13:24:14.532+01:00  INFO 19032 --- [EMC-lab] [main] o.apache.catalina.core.StandardEngine    : Starting Servlet engine: [Apache Tomcat/11.0.18]
2026-03-26T13:24:14.946+01:00  INFO 19032 --- [EMC-lab] [main] org.hibernate.orm.jpa                    : HHH008540: Processing PersistenceUnitInfo [name: default]
2026-03-26T13:24:15.064+01:00  INFO 19032 --- [EMC-lab] [main] org.hibernate.orm.core                   : HHH000001: Hibernate ORM core version 7.2.4.Final
2026-03-26T13:24:15.822+01:00  INFO 19032 --- [EMC-lab] [main] com.zaxxer.hikari.HikariDataSource       : HikariPool-1 - Starting...
2026-03-26T13:24:16.027+01:00  INFO 19032 --- [EMC-lab] [main] com.zaxxer.hikari.pool.HikariPool        : HikariPool-1 - Added connection org.postgresql.jdbc.PgConnection@3855b27e
2026-03-26T13:24:16.030+01:00  INFO 19032 --- [EMC-lab] [main] com.zaxxer.hikari.HikariDataSource       : HikariPool-1 - Start completed.
2026-03-26T13:24:16.108+01:00  INFO 19032 --- [EMC-lab] [main] org.hibernate.orm.connections.pooling    : HHH10001005: Database info:
	Database JDBC URL [jdbc:postgresql://localhost:5434/eshoplab]
	Database driver: PostgreSQL JDBC Driver
	Database dialect: PostgreSQLDialect
	Database version: 17.4
	Default catalog/schema: eshoplab/public
	Autocommit mode: undefined/unknown
	Isolation level: READ_COMMITTED [default READ_COMMITTED]
	JDBC fetch size: none
	Pool: DataSourceConnectionProvider
	Minimum pool size: undefined/unknown
	Maximum pool size: undefined/unknown
2026-03-26T13:24:17.405+01:00  INFO 19032 --- [EMC-lab] [main] org.hibernate.orm.core                   : HHH000489: No JTA platform available (set 'hibernate.transaction.jta.platform' to enable JTA platform integration)
2026-03-26T13:24:18.274+01:00  WARN 19032 --- [EMC-lab] [main] JpaBaseConfiguration$JpaWebConfiguration : spring.jpa.open-in-view is enabled by default. Therefore, database queries may be performed during view rendering. Explicitly configure spring.jpa.open-in-view to disable this warning
2026-03-26T13:24:18.978+01:00  INFO 19032 --- [EMC-lab] [main] mk.ukim.finki.emclab.EmcLabApplication   : Started EmcLabApplication in 7.772 seconds (process running for 8.449)
2026-03-26T13:24:21.435+01:00  INFO 19032 --- [EMC-lab] [http-nio-8080-exec-1] o.a.c.c.C.[Tomcat].[localhost].[/]       : Initializing Spring DispatcherServlet 'dispatcherServlet'
2026-03-26T13:24:23.297+01:00  INFO 19032 --- [EMC-lab] [http-nio-8080-exec-4] o.springdoc.api.AbstractOpenApiResource  : Init duration for springdoc-openapi is: 1335 ms
2026-03-26T13:24:38.422+01:00 DEBUG 19032 --- [EMC-lab] [http-nio-8080-exec-5] org.hibernate.SQL                        : select b1_0.id,b1_0.author_id,b1_0.available_copies,b1_0.category,b1_0.created_at,b1_0.date_published,b1_0.name,b1_0.state,b1_0.updated_at from books b1_0 where b1_0.date_published<? fetch first ? rows only
2026-03-26T13:24:38.435+01:00 TRACE 19032 --- [EMC-lab] [http-nio-8080-exec-5] org.hibernate.orm.jdbc.bind              : binding parameter (1:DATE) <- [2026-03-26]
2026-03-26T13:24:38.436+01:00 TRACE 19032 --- [EMC-lab] [http-nio-8080-exec-5] org.hibernate.orm.jdbc.bind              : binding parameter (2:INTEGER) <- [10]
2026-03-26T13:24:38.499+01:00 DEBUG 19032 --- [EMC-lab] [http-nio-8080-exec-5] org.hibernate.SQL                        : select a1_0.id,a1_0.country_id,c1_0.id,c1_0.continent,c1_0.name,a1_0.created_at,a1_0.name,a1_0.surname,a1_0.updated_at from authors a1_0 join countries c1_0 on c1_0.id=a1_0.country_id where a1_0.id=?
2026-03-26T13:24:38.499+01:00 TRACE 19032 --- [EMC-lab] [http-nio-8080-exec-5] org.hibernate.orm.jdbc.bind              : binding parameter (1:BIGINT) <- [1]
2026-03-26T13:25:00.039+01:00  INFO 19032 --- [EMC-lab] [scheduling-1] u.f.e.j.MaterializedViewRefreshScheduler : Refreshing BOOKS_STATS_MV...
2026-03-26T13:25:00.096+01:00 DEBUG 19032 --- [EMC-lab] [scheduling-1] org.hibernate.SQL                        : refresh materialized view books_stats_mv
2026-03-26T13:25:00.110+01:00  INFO 19032 --- [EMC-lab] [scheduling-1] u.f.e.j.MaterializedViewRefreshScheduler : BOOKS_STATS_MV successfully refreshed.
2026-03-26T13:26:00.022+01:00  INFO 19032 --- [EMC-lab] [scheduling-1] u.f.e.j.MaterializedViewRefreshScheduler : Refreshing BOOKS_STATS_MV...
2026-03-26T13:26:00.024+01:00 DEBUG 19032 --- [EMC-lab] [scheduling-1] org.hibernate.SQL                        : refresh materialized view books_stats_mv
2026-03-26T13:26:00.035+01:00  INFO 19032 --- [EMC-lab] [scheduling-1] u.f.e.j.MaterializedViewRefreshScheduler : BOOKS_STATS_MV successfully refreshed.
2026-03-26T13:27:00.011+01:00  INFO 19032 --- [EMC-lab] [scheduling-1] u.f.e.j.MaterializedViewRefreshScheduler : Refreshing BOOKS_STATS_MV...
2026-03-26T13:27:00.013+01:00 DEBUG 19032 --- [EMC-lab] [scheduling-1] org.hibernate.SQL                        : refresh materialized view books_stats_mv
2026-03-26T13:27:00.026+01:00  INFO 19032 --- [EMC-lab] [scheduling-1] u.f.e.j.MaterializedViewRefreshScheduler : BOOKS_STATS_MV successfully refreshed.
2026-03-26T13:27:17.824+01:00  INFO 19032 --- [EMC-lab] [SpringApplicationShutdownHook] com.zaxxer.hikari.HikariDataSource       : HikariPool-1 - Shutdown initiated...
2026-03-26T13:27:17.833+01:00  INFO 19032 --- [EMC-lab] [SpringApplicationShutdownHook] com.zaxxer.hikari.HikariDataSource       : HikariPool-1 - Shutdown completed.
2026-03-26T13:27:21.677+01:00  INFO 2080 --- [EMC-lab] [main] mk.ukim.finki.emclab.EmcLabApplication   : Starting EmcLabApplication using Java 21.0.9 with PID 2080 (C:\Users\anama\Desktop\FINKI\IntelliJ-EMC\EMC-lab\target\classes started by anama in C:\Users\anama\Desktop\FINKI\IntelliJ-EMC\EMC-lab)
2026-03-26T13:27:21.681+01:00  INFO 2080 --- [EMC-lab] [main] mk.ukim.finki.emclab.EmcLabApplication   : The following 1 profile is active: "dev"
2026-03-26T13:27:23.893+01:00  INFO 2080 --- [EMC-lab] [main] o.apache.catalina.core.StandardService   : Starting service [Tomcat]
2026-03-26T13:27:23.894+01:00  INFO 2080 --- [EMC-lab] [main] o.apache.catalina.core.StandardEngine    : Starting Servlet engine: [Apache Tomcat/11.0.18]
2026-03-26T13:27:24.251+01:00  INFO 2080 --- [EMC-lab] [main] org.hibernate.orm.jpa                    : HHH008540: Processing PersistenceUnitInfo [name: default]
2026-03-26T13:27:24.318+01:00  INFO 2080 --- [EMC-lab] [main] org.hibernate.orm.core                   : HHH000001: Hibernate ORM core version 7.2.4.Final
2026-03-26T13:27:25.049+01:00  INFO 2080 --- [EMC-lab] [main] com.zaxxer.hikari.HikariDataSource       : HikariPool-1 - Starting...
2026-03-26T13:27:25.291+01:00  INFO 2080 --- [EMC-lab] [main] com.zaxxer.hikari.pool.HikariPool        : HikariPool-1 - Added connection org.postgresql.jdbc.PgConnection@b787274
2026-03-26T13:27:25.294+01:00  INFO 2080 --- [EMC-lab] [main] com.zaxxer.hikari.HikariDataSource       : HikariPool-1 - Start completed.
2026-03-26T13:27:25.386+01:00  INFO 2080 --- [EMC-lab] [main] org.hibernate.orm.connections.pooling    : HHH10001005: Database info:
	Database JDBC URL [jdbc:postgresql://localhost:5434/eshoplab]
	Database driver: PostgreSQL JDBC Driver
	Database dialect: PostgreSQLDialect
	Database version: 17.4
	Default catalog/schema: eshoplab/public
	Autocommit mode: undefined/unknown
	Isolation level: READ_COMMITTED [default READ_COMMITTED]
	JDBC fetch size: none
	Pool: DataSourceConnectionProvider
	Minimum pool size: undefined/unknown
	Maximum pool size: undefined/unknown
2026-03-26T13:27:26.527+01:00  INFO 2080 --- [EMC-lab] [main] org.hibernate.orm.core                   : HHH000489: No JTA platform available (set 'hibernate.transaction.jta.platform' to enable JTA platform integration)
2026-03-26T13:27:27.251+01:00  WARN 2080 --- [EMC-lab] [main] JpaBaseConfiguration$JpaWebConfiguration : spring.jpa.open-in-view is enabled by default. Therefore, database queries may be performed during view rendering. Explicitly configure spring.jpa.open-in-view to disable this warning
2026-03-26T13:27:28.717+01:00  INFO 2080 --- [EMC-lab] [main] mk.ukim.finki.emclab.EmcLabApplication   : Started EmcLabApplication in 7.631 seconds (process running for 8.218)
2026-03-26T13:27:29.450+01:00  INFO 2080 --- [EMC-lab] [http-nio-8080-exec-1] o.a.c.c.C.[Tomcat].[localhost].[/]       : Initializing Spring DispatcherServlet 'dispatcherServlet'
2026-03-26T13:27:31.440+01:00  INFO 2080 --- [EMC-lab] [http-nio-8080-exec-4] o.springdoc.api.AbstractOpenApiResource  : Init duration for springdoc-openapi is: 1493 ms
2026-03-26T13:27:48.011+01:00 DEBUG 2080 --- [EMC-lab] [http-nio-8080-exec-5] org.hibernate.SQL                        : select b1_0.id,b1_0.author_id,b1_0.available_copies,b1_0.category,b1_0.created_at,b1_0.date_published,b1_0.name,b1_0.state,b1_0.updated_at from books b1_0 where b1_0.date_published<? fetch first ? rows only
2026-03-26T13:27:48.018+01:00 TRACE 2080 --- [EMC-lab] [http-nio-8080-exec-5] org.hibernate.orm.jdbc.bind              : binding parameter (1:DATE) <- [2026-03-26]
2026-03-26T13:27:48.019+01:00 TRACE 2080 --- [EMC-lab] [http-nio-8080-exec-5] org.hibernate.orm.jdbc.bind              : binding parameter (2:INTEGER) <- [10]
2026-03-26T13:27:48.075+01:00 DEBUG 2080 --- [EMC-lab] [http-nio-8080-exec-5] org.hibernate.SQL                        : select a1_0.id,a1_0.country_id,c1_0.id,c1_0.continent,c1_0.name,a1_0.created_at,a1_0.name,a1_0.surname,a1_0.updated_at from authors a1_0 join countries c1_0 on c1_0.id=a1_0.country_id where a1_0.id=?
2026-03-26T13:27:48.078+01:00 TRACE 2080 --- [EMC-lab] [http-nio-8080-exec-5] org.hibernate.orm.jdbc.bind              : binding parameter (1:BIGINT) <- [1]
2026-03-26T13:28:00.036+01:00  INFO 2080 --- [EMC-lab] [scheduling-1] u.f.e.j.MaterializedViewRefreshScheduler : Refreshing BOOKS_STATS_MV...
2026-03-26T13:28:00.101+01:00 DEBUG 2080 --- [EMC-lab] [scheduling-1] org.hibernate.SQL                        : refresh materialized view books_stats_mv
2026-03-26T13:28:00.114+01:00  INFO 2080 --- [EMC-lab] [scheduling-1] u.f.e.j.MaterializedViewRefreshScheduler : BOOKS_STATS_MV successfully refreshed.
2026-03-26T13:29:00.010+01:00  INFO 2080 --- [EMC-lab] [scheduling-1] u.f.e.j.MaterializedViewRefreshScheduler : Refreshing BOOKS_STATS_MV...
2026-03-26T13:29:00.015+01:00 DEBUG 2080 --- [EMC-lab] [scheduling-1] org.hibernate.SQL                        : refresh materialized view books_stats_mv
2026-03-26T13:29:00.041+01:00  INFO 2080 --- [EMC-lab] [scheduling-1] u.f.e.j.MaterializedViewRefreshScheduler : BOOKS_STATS_MV successfully refreshed.
2026-03-26T13:30:00.020+01:00  INFO 2080 --- [EMC-lab] [scheduling-1] u.f.e.j.MaterializedViewRefreshScheduler : Refreshing BOOKS_STATS_MV...
2026-03-26T13:30:00.025+01:00 DEBUG 2080 --- [EMC-lab] [scheduling-1] org.hibernate.SQL                        : refresh materialized view books_stats_mv
2026-03-26T13:30:00.041+01:00  INFO 2080 --- [EMC-lab] [scheduling-1] u.f.e.j.MaterializedViewRefreshScheduler : BOOKS_STATS_MV successfully refreshed.
2026-03-26T13:31:00.025+01:00  INFO 2080 --- [EMC-lab] [scheduling-1] u.f.e.j.MaterializedViewRefreshScheduler : Refreshing BOOKS_STATS_MV...
2026-03-26T13:31:00.027+01:00 DEBUG 2080 --- [EMC-lab] [scheduling-1] org.hibernate.SQL                        : refresh materialized view books_stats_mv
2026-03-26T13:31:00.045+01:00  INFO 2080 --- [EMC-lab] [scheduling-1] u.f.e.j.MaterializedViewRefreshScheduler : BOOKS_STATS_MV successfully refreshed.
2026-03-26T13:32:00.019+01:00  INFO 2080 --- [EMC-lab] [scheduling-1] u.f.e.j.MaterializedViewRefreshScheduler : Refreshing BOOKS_STATS_MV...
2026-03-26T13:32:00.022+01:00 DEBUG 2080 --- [EMC-lab] [scheduling-1] org.hibernate.SQL                        : refresh materialized view books_stats_mv
2026-03-26T13:32:00.041+01:00  INFO 2080 --- [EMC-lab] [scheduling-1] u.f.e.j.MaterializedViewRefreshScheduler : BOOKS_STATS_MV successfully refreshed.
2026-03-26T13:33:00.023+01:00  INFO 2080 --- [EMC-lab] [scheduling-1] u.f.e.j.MaterializedViewRefreshScheduler : Refreshing BOOKS_STATS_MV...
2026-03-26T13:33:00.026+01:00 DEBUG 2080 --- [EMC-lab] [scheduling-1] org.hibernate.SQL                        : refresh materialized view books_stats_mv
2026-03-26T13:33:00.047+01:00  INFO 2080 --- [EMC-lab] [scheduling-1] u.f.e.j.MaterializedViewRefreshScheduler : BOOKS_STATS_MV successfully refreshed.
2026-03-26T13:34:00.015+01:00  INFO 2080 --- [EMC-lab] [scheduling-1] u.f.e.j.MaterializedViewRefreshScheduler : Refreshing BOOKS_STATS_MV...
2026-03-26T13:34:00.018+01:00 DEBUG 2080 --- [EMC-lab] [scheduling-1] org.hibernate.SQL                        : refresh materialized view books_stats_mv
2026-03-26T13:34:00.040+01:00  INFO 2080 --- [EMC-lab] [scheduling-1] u.f.e.j.MaterializedViewRefreshScheduler : BOOKS_STATS_MV successfully refreshed.
2026-03-26T13:35:00.022+01:00  INFO 2080 --- [EMC-lab] [scheduling-1] u.f.e.j.MaterializedViewRefreshScheduler : Refreshing BOOKS_STATS_MV...
2026-03-26T13:35:00.027+01:00 DEBUG 2080 --- [EMC-lab] [scheduling-1] org.hibernate.SQL                        : refresh materialized view books_stats_mv
2026-03-26T13:35:00.052+01:00  INFO 2080 --- [EMC-lab] [scheduling-1] u.f.e.j.MaterializedViewRefreshScheduler : BOOKS_STATS_MV successfully refreshed.
2026-03-26T13:36:00.014+01:00  INFO 2080 --- [EMC-lab] [scheduling-1] u.f.e.j.MaterializedViewRefreshScheduler : Refreshing BOOKS_STATS_MV...
2026-03-26T13:36:00.016+01:00 DEBUG 2080 --- [EMC-lab] [scheduling-1] org.hibernate.SQL                        : refresh materialized view books_stats_mv
2026-03-26T13:36:00.029+01:00  INFO 2080 --- [EMC-lab] [scheduling-1] u.f.e.j.MaterializedViewRefreshScheduler : BOOKS_STATS_MV successfully refreshed.
2026-03-26T13:37:00.021+01:00  INFO 2080 --- [EMC-lab] [scheduling-1] u.f.e.j.MaterializedViewRefreshScheduler : Refreshing BOOKS_STATS_MV...
2026-03-26T13:37:00.024+01:00 DEBUG 2080 --- [EMC-lab] [scheduling-1] org.hibernate.SQL                        : refresh materialized view books_stats_mv
2026-03-26T13:37:00.038+01:00  INFO 2080 --- [EMC-lab] [scheduling-1] u.f.e.j.MaterializedViewRefreshScheduler : BOOKS_STATS_MV successfully refreshed.
2026-03-26T13:38:00.022+01:00  INFO 2080 --- [EMC-lab] [scheduling-1] u.f.e.j.MaterializedViewRefreshScheduler : Refreshing BOOKS_STATS_MV...
2026-03-26T13:38:00.025+01:00 DEBUG 2080 --- [EMC-lab] [scheduling-1] org.hibernate.SQL                        : refresh materialized view books_stats_mv
2026-03-26T13:38:00.040+01:00  INFO 2080 --- [EMC-lab] [scheduling-1] u.f.e.j.MaterializedViewRefreshScheduler : BOOKS_STATS_MV successfully refreshed.
2026-03-26T13:39:00.016+01:00  INFO 2080 --- [EMC-lab] [scheduling-1] u.f.e.j.MaterializedViewRefreshScheduler : Refreshing BOOKS_STATS_MV...
2026-03-26T13:39:00.019+01:00 DEBUG 2080 --- [EMC-lab] [scheduling-1] org.hibernate.SQL                        : refresh materialized view books_stats_mv
2026-03-26T13:39:00.035+01:00  INFO 2080 --- [EMC-lab] [scheduling-1] u.f.e.j.MaterializedViewRefreshScheduler : BOOKS_STATS_MV successfully refreshed.
2026-03-26T13:40:00.021+01:00  INFO 2080 --- [EMC-lab] [scheduling-1] u.f.e.j.MaterializedViewRefreshScheduler : Refreshing BOOKS_STATS_MV...
2026-03-26T13:40:00.028+01:00 DEBUG 2080 --- [EMC-lab] [scheduling-1] org.hibernate.SQL                        : refresh materialized view books_stats_mv
2026-03-26T13:40:00.046+01:00  INFO 2080 --- [EMC-lab] [scheduling-1] u.f.e.j.MaterializedViewRefreshScheduler : BOOKS_STATS_MV successfully refreshed.
2026-03-26T13:41:00.029+01:00  INFO 2080 --- [EMC-lab] [scheduling-1] u.f.e.j.MaterializedViewRefreshScheduler : Refreshing BOOKS_STATS_MV...
2026-03-26T13:41:00.032+01:00 DEBUG 2080 --- [EMC-lab] [scheduling-1] org.hibernate.SQL                        : refresh materialized view books_stats_mv
2026-03-26T13:41:00.075+01:00  INFO 2080 --- [EMC-lab] [scheduling-1] u.f.e.j.MaterializedViewRefreshScheduler : BOOKS_STATS_MV successfully refreshed.
2026-03-26T13:41:58.627+01:00  INFO 2080 --- [EMC-lab] [SpringApplicationShutdownHook] com.zaxxer.hikari.HikariDataSource       : HikariPool-1 - Shutdown initiated...
2026-03-26T13:41:58.643+01:00  INFO 2080 --- [EMC-lab] [SpringApplicationShutdownHook] com.zaxxer.hikari.HikariDataSource       : HikariPool-1 - Shutdown completed.
